Determining if the pthread_create exist failed with the following output:
Change Dir: /home/kartikay/Desktop/wks/build/CMakeFiles/CMakeTmp

Run Build Command:"/usr/bin/make" "cmTC_ec8b7/fast"
/usr/bin/make -f CMakeFiles/cmTC_ec8b7.dir/build.make CMakeFiles/cmTC_ec8b7.dir/build
make[1]: Entering directory '/home/kartikay/Desktop/wks/build/CMakeFiles/CMakeTmp'
Building C object CMakeFiles/cmTC_ec8b7.dir/CheckSymbolExists.c.o
/usr/bin/cc     -o CMakeFiles/cmTC_ec8b7.dir/CheckSymbolExists.c.o   -c /home/kartikay/Desktop/wks/build/CMakeFiles/CMakeTmp/CheckSymbolExists.c
Linking C executable cmTC_ec8b7
/usr/bin/cmake -E cmake_link_script CMakeFiles/cmTC_ec8b7.dir/link.txt --verbose=1
/usr/bin/cc       CMakeFiles/cmTC_ec8b7.dir/CheckSymbolExists.c.o  -o cmTC_ec8b7 -rdynamic 
CMakeFiles/cmTC_ec8b7.dir/CheckSymbolExists.c.o: In function `main':
CheckSymbolExists.c:(.text+0x16): undefined reference to `pthread_create'
collect2: error: ld returned 1 exit status
CMakeFiles/cmTC_ec8b7.dir/build.make:97: recipe for target 'cmTC_ec8b7' failed
make[1]: *** [cmTC_ec8b7] Error 1
make[1]: Leaving directory '/home/kartikay/Desktop/wks/build/CMakeFiles/CMakeTmp'
Makefile:126: recipe for target 'cmTC_ec8b7/fast' failed
make: *** [cmTC_ec8b7/fast] Error 2

File /home/kartikay/Desktop/wks/build/CMakeFiles/CMakeTmp/CheckSymbolExists.c:
/* */
#include <pthread.h>

int main(int argc, char** argv)
{
  (void)argv;
#ifndef pthread_create
  return ((int*)(&pthread_create))[argc];
#else
  (void)argc;
  return 0;
#endif
}

Determining if the function pthread_create exists in the pthreads failed with the following output:
Change Dir: /home/kartikay/Desktop/wks/build/CMakeFiles/CMakeTmp

Run Build Command:"/usr/bin/make" "cmTC_84431/fast"
/usr/bin/make -f CMakeFiles/cmTC_84431.dir/build.make CMakeFiles/cmTC_84431.dir/build
make[1]: Entering directory '/home/kartikay/Desktop/wks/build/CMakeFiles/CMakeTmp'
Building C object CMakeFiles/cmTC_84431.dir/CheckFunctionExists.c.o
/usr/bin/cc    -DCHECK_FUNCTION_EXISTS=pthread_create   -o CMakeFiles/cmTC_84431.dir/CheckFunctionExists.c.o   -c /usr/share/cmake-3.5/Modules/CheckFunctionExists.c
Linking C executable cmTC_84431
/usr/bin/cmake -E cmake_link_script CMakeFiles/cmTC_84431.dir/link.txt --verbose=1
/usr/bin/cc   -DCHECK_FUNCTION_EXISTS=pthread_create    CMakeFiles/cmTC_84431.dir/CheckFunctionExists.c.o  -o cmTC_84431 -rdynamic -lpthreads 
/usr/bin/ld: cannot find -lpthreads
collect2: error: ld returned 1 exit status
CMakeFiles/cmTC_84431.dir/build.make:97: recipe for target 'cmTC_84431' failed
make[1]: *** [cmTC_84431] Error 1
make[1]: Leaving directory '/home/kartikay/Desktop/wks/build/CMakeFiles/CMakeTmp'
Makefile:126: recipe for target 'cmTC_84431/fast' failed
make: *** [cmTC_84431/fast] Error 2


